2018-02-14 10:13:25 INFO  EchoTask:22 - Amount of observers: 2
2018-02-14 10:13:25 INFO  EchoTask:27 - Wed Feb 14 10:13:25 CET 2018 running ...
2018-02-14 10:13:25 INFO  JsonParser:30 - Response Code : 500
2018-02-14 10:13:25 ERROR JsonParser:39 - org.codehaus.jettison.json.JSONException: A JSONObject text must begin with '{' at character 2 of 
<html><head>
<meta http-equiv="content-type" content="text/html;charset=utf-8">
<title>500 Server Error</title>
</head>
<body text=#000000 bgcolor=#ffffff>
<h1>Error: Server Error</h1>
<h2>The server encountered an error and could not complete your request.<p>Please try again in 30 seconds.</h2>
<h2></h2>
</body></html>

2018-02-14 10:13:25 INFO  ConsoleNotifier:12 - Result of last poll: [jobname: a jobStatus: SUCCESS resultDateTime: 2018-02-14T10:13:25.902 ]
2018-02-14 10:18:25 INFO  EchoTask:27 - Wed Feb 14 10:18:25 CET 2018 running ...
2018-02-14 10:18:25 INFO  JsonParser:30 - Response Code : 500
2018-02-14 10:18:25 ERROR JsonParser:39 - org.codehaus.jettison.json.JSONException: A JSONObject text must begin with '{' at character 2 of 
<html><head>
<meta http-equiv="content-type" content="text/html;charset=utf-8">
<title>500 Server Error</title>
</head>
<body text=#000000 bgcolor=#ffffff>
<h1>Error: Server Error</h1>
<h2>The server encountered an error and could not complete your request.<p>Please try again in 30 seconds.</h2>
<h2></h2>
</body></html>

2018-02-14 10:18:25 INFO  ConsoleNotifier:12 - Result of last poll: [jobname: a jobStatus: SUCCESS resultDateTime: 2018-02-14T10:18:25.467 ]
2018-02-14 10:23:25 INFO  EchoTask:27 - Wed Feb 14 10:23:25 CET 2018 running ...
2018-02-14 10:23:25 INFO  JsonParser:30 - Response Code : 500
2018-02-14 10:23:25 ERROR JsonParser:39 - org.codehaus.jettison.json.JSONException: A JSONObject text must begin with '{' at character 2 of 
<html><head>
<meta http-equiv="content-type" content="text/html;charset=utf-8">
<title>500 Server Error</title>
</head>
<body text=#000000 bgcolor=#ffffff>
<h1>Error: Server Error</h1>
<h2>The server encountered an error and could not complete your request.<p>Please try again in 30 seconds.</h2>
<h2></h2>
</body></html>

2018-02-14 10:23:25 INFO  ConsoleNotifier:12 - Result of last poll: [jobname: a jobStatus: SUCCESS resultDateTime: 2018-02-14T10:23:25.469 ]
2018-02-14 10:28:25 INFO  EchoTask:27 - Wed Feb 14 10:28:25 CET 2018 running ...
2018-02-14 10:28:25 INFO  JsonParser:30 - Response Code : 500
2018-02-14 10:28:25 ERROR JsonParser:39 - org.codehaus.jettison.json.JSONException: A JSONObject text must begin with '{' at character 2 of 
<html><head>
<meta http-equiv="content-type" content="text/html;charset=utf-8">
<title>500 Server Error</title>
</head>
<body text=#000000 bgcolor=#ffffff>
<h1>Error: Server Error</h1>
<h2>The server encountered an error and could not complete your request.<p>Please try again in 30 seconds.</h2>
<h2></h2>
</body></html>

2018-02-14 10:28:25 INFO  ConsoleNotifier:12 - Result of last poll: [jobname: a jobStatus: SUCCESS resultDateTime: 2018-02-14T10:28:25.471 ]
2018-02-14 10:33:25 INFO  EchoTask:27 - Wed Feb 14 10:33:25 CET 2018 running ...
2018-02-14 10:33:25 INFO  JsonParser:30 - Response Code : 500
2018-02-14 10:33:25 ERROR JsonParser:39 - org.codehaus.jettison.json.JSONException: A JSONObject text must begin with '{' at character 2 of 
<html><head>
<meta http-equiv="content-type" content="text/html;charset=utf-8">
<title>500 Server Error</title>
</head>
<body text=#000000 bgcolor=#ffffff>
<h1>Error: Server Error</h1>
<h2>The server encountered an error and could not complete your request.<p>Please try again in 30 seconds.</h2>
<h2></h2>
</body></html>

2018-02-14 10:33:25 INFO  ConsoleNotifier:12 - Result of last poll: [jobname: a jobStatus: SUCCESS resultDateTime: 2018-02-14T10:33:25.424 ]
2018-02-14 10:38:25 INFO  EchoTask:27 - Wed Feb 14 10:38:25 CET 2018 running ...
2018-02-14 10:38:25 INFO  JsonParser:30 - Response Code : 500
2018-02-14 10:38:25 ERROR JsonParser:39 - org.codehaus.jettison.json.JSONException: A JSONObject text must begin with '{' at character 2 of 
<html><head>
<meta http-equiv="content-type" content="text/html;charset=utf-8">
<title>500 Server Error</title>
</head>
<body text=#000000 bgcolor=#ffffff>
<h1>Error: Server Error</h1>
<h2>The server encountered an error and could not complete your request.<p>Please try again in 30 seconds.</h2>
<h2></h2>
</body></html>

2018-02-14 10:38:25 INFO  ConsoleNotifier:12 - Result of last poll: [jobname: a jobStatus: SUCCESS resultDateTime: 2018-02-14T10:38:25.473 ]
2018-02-14 10:43:25 INFO  EchoTask:27 - Wed Feb 14 10:43:25 CET 2018 running ...
2018-02-14 10:43:25 INFO  JsonParser:30 - Response Code : 500
2018-02-14 10:43:25 ERROR JsonParser:39 - org.codehaus.jettison.json.JSONException: A JSONObject text must begin with '{' at character 2 of 
<html><head>
<meta http-equiv="content-type" content="text/html;charset=utf-8">
<title>500 Server Error</title>
</head>
<body text=#000000 bgcolor=#ffffff>
<h1>Error: Server Error</h1>
<h2>The server encountered an error and could not complete your request.<p>Please try again in 30 seconds.</h2>
<h2></h2>
</body></html>

2018-02-14 10:43:25 INFO  ConsoleNotifier:12 - Result of last poll: [jobname: a jobStatus: SUCCESS resultDateTime: 2018-02-14T10:43:25.413 ]
2018-02-14 10:48:25 INFO  EchoTask:27 - Wed Feb 14 10:48:25 CET 2018 running ...
2018-02-14 10:48:25 INFO  JsonParser:30 - Response Code : 500
2018-02-14 10:48:25 ERROR JsonParser:39 - org.codehaus.jettison.json.JSONException: A JSONObject text must begin with '{' at character 2 of 
<html><head>
<meta http-equiv="content-type" content="text/html;charset=utf-8">
<title>500 Server Error</title>
</head>
<body text=#000000 bgcolor=#ffffff>
<h1>Error: Server Error</h1>
<h2>The server encountered an error and could not complete your request.<p>Please try again in 30 seconds.</h2>
<h2></h2>
</body></html>

2018-02-14 10:48:25 INFO  ConsoleNotifier:12 - Result of last poll: [jobname: a jobStatus: SUCCESS resultDateTime: 2018-02-14T10:48:25.474 ]
2018-02-14 10:53:25 INFO  EchoTask:27 - Wed Feb 14 10:53:25 CET 2018 running ...
2018-02-14 10:53:25 INFO  JsonParser:30 - Response Code : 500
2018-02-14 10:53:25 ERROR JsonParser:39 - org.codehaus.jettison.json.JSONException: A JSONObject text must begin with '{' at character 2 of 
<html><head>
<meta http-equiv="content-type" content="text/html;charset=utf-8">
<title>500 Server Error</title>
</head>
<body text=#000000 bgcolor=#ffffff>
<h1>Error: Server Error</h1>
<h2>The server encountered an error and could not complete your request.<p>Please try again in 30 seconds.</h2>
<h2></h2>
</body></html>

2018-02-14 10:53:25 INFO  ConsoleNotifier:12 - Result of last poll: [jobname: a jobStatus: SUCCESS resultDateTime: 2018-02-14T10:53:25.428 ]
2018-02-14 10:58:25 INFO  EchoTask:27 - Wed Feb 14 10:58:25 CET 2018 running ...
2018-02-14 10:58:25 INFO  JsonParser:30 - Response Code : 500
2018-02-14 10:58:25 ERROR JsonParser:39 - org.codehaus.jettison.json.JSONException: A JSONObject text must begin with '{' at character 2 of 
<html><head>
<meta http-equiv="content-type" content="text/html;charset=utf-8">
<title>500 Server Error</title>
</head>
<body text=#000000 bgcolor=#ffffff>
<h1>Error: Server Error</h1>
<h2>The server encountered an error and could not complete your request.<p>Please try again in 30 seconds.</h2>
<h2></h2>
</body></html>

2018-02-14 10:58:25 INFO  ConsoleNotifier:12 - Result of last poll: [jobname: a jobStatus: SUCCESS resultDateTime: 2018-02-14T10:58:25.445 ]
2018-02-14 11:03:25 INFO  EchoTask:27 - Wed Feb 14 11:03:25 CET 2018 running ...
2018-02-14 11:03:25 INFO  JsonParser:30 - Response Code : 500
2018-02-14 11:03:25 ERROR JsonParser:39 - org.codehaus.jettison.json.JSONException: A JSONObject text must begin with '{' at character 2 of 
<html><head>
<meta http-equiv="content-type" content="text/html;charset=utf-8">
<title>500 Server Error</title>
</head>
<body text=#000000 bgcolor=#ffffff>
<h1>Error: Server Error</h1>
<h2>The server encountered an error and could not complete your request.<p>Please try again in 30 seconds.</h2>
<h2></h2>
</body></html>

2018-02-14 11:03:25 INFO  ConsoleNotifier:12 - Result of last poll: [jobname: a jobStatus: SUCCESS resultDateTime: 2018-02-14T11:03:25.473 ]
2018-02-14 11:08:25 INFO  EchoTask:27 - Wed Feb 14 11:08:25 CET 2018 running ...
2018-02-14 11:08:25 INFO  JsonParser:30 - Response Code : 500
2018-02-14 11:08:25 ERROR JsonParser:39 - org.codehaus.jettison.json.JSONException: A JSONObject text must begin with '{' at character 2 of 
<html><head>
<meta http-equiv="content-type" content="text/html;charset=utf-8">
<title>500 Server Error</title>
</head>
<body text=#000000 bgcolor=#ffffff>
<h1>Error: Server Error</h1>
<h2>The server encountered an error and could not complete your request.<p>Please try again in 30 seconds.</h2>
<h2></h2>
</body></html>

2018-02-14 11:08:25 INFO  ConsoleNotifier:12 - Result of last poll: [jobname: a jobStatus: SUCCESS resultDateTime: 2018-02-14T11:08:25.468 ]
2018-02-14 11:13:25 INFO  EchoTask:27 - Wed Feb 14 11:13:25 CET 2018 running ...
2018-02-14 11:13:25 INFO  JsonParser:30 - Response Code : 500
2018-02-14 11:13:25 ERROR JsonParser:39 - org.codehaus.jettison.json.JSONException: A JSONObject text must begin with '{' at character 2 of 
<html><head>
<meta http-equiv="content-type" content="text/html;charset=utf-8">
<title>500 Server Error</title>
</head>
<body text=#000000 bgcolor=#ffffff>
<h1>Error: Server Error</h1>
<h2>The server encountered an error and could not complete your request.<p>Please try again in 30 seconds.</h2>
<h2></h2>
</body></html>

2018-02-14 11:13:25 INFO  ConsoleNotifier:12 - Result of last poll: [jobname: a jobStatus: SUCCESS resultDateTime: 2018-02-14T11:13:25.408 ]
2018-02-27 10:01:40 INFO  EchoTask:22 - Amount of observers: 2
2018-02-27 10:01:40 INFO  EchoTask:27 - Tue Feb 27 10:01:40 CET 2018 running ...
2018-02-27 10:01:40 INFO  JsonParser:30 - Response Code : 500
2018-02-27 10:02:21 INFO  EchoTask:22 - Amount of observers: 2
2018-02-27 10:02:21 INFO  EchoTask:27 - Tue Feb 27 10:02:21 CET 2018 running ...
2018-02-27 10:02:22 INFO  JsonParser:30 - Response Code : 500
2018-02-27 10:02:58 INFO  EchoTask:22 - Amount of observers: 2
2018-02-27 10:02:58 INFO  EchoTask:27 - Tue Feb 27 10:02:58 CET 2018 running ...
2018-02-27 10:02:59 INFO  JsonParser:30 - Response Code : 500
2018-02-27 11:14:09 INFO  EchoTask:22 - Amount of observers: 2
2018-02-27 11:14:09 INFO  EchoTask:27 - Tue Feb 27 11:14:09 CET 2018 running ...
2018-02-27 11:14:10 INFO  JsonParser:31 - Response Code : 200
2018-02-27 11:15:27 INFO  EchoTask:22 - Amount of observers: 2
2018-02-27 11:15:27 INFO  EchoTask:27 - Tue Feb 27 11:15:27 CET 2018 running ...
2018-02-27 11:15:28 INFO  JsonParser:31 - Response Code : 200
2018-02-27 11:16:19 INFO  EchoTask:22 - Amount of observers: 2
2018-02-27 11:16:19 INFO  EchoTask:27 - Tue Feb 27 11:16:19 CET 2018 running ...
2018-02-27 11:16:19 INFO  JsonParser:31 - Response Code : 200
2018-02-27 11:17:23 INFO  EchoTask:22 - Amount of observers: 2
2018-02-27 11:17:23 INFO  EchoTask:27 - Tue Feb 27 11:17:23 CET 2018 running ...
2018-02-27 11:17:23 INFO  JsonParser:31 - Response Code : 200
2018-02-27 11:18:01 INFO  EchoTask:22 - Amount of observers: 2
2018-02-27 11:18:01 INFO  EchoTask:27 - Tue Feb 27 11:18:01 CET 2018 running ...
2018-02-27 11:18:02 INFO  JsonParser:31 - Response Code : 200
2018-02-27 11:25:20 INFO  EchoTask:22 - Amount of observers: 2
2018-02-27 11:25:20 INFO  EchoTask:27 - Tue Feb 27 11:25:20 CET 2018 running ...
2018-02-27 11:25:20 INFO  JsonParser:31 - Response Code : 200
2018-02-27 11:28:03 INFO  EchoTask:22 - Amount of observers: 2
2018-02-27 11:28:03 INFO  EchoTask:27 - Tue Feb 27 11:28:03 CET 2018 running ...
2018-02-27 11:28:03 INFO  JsonParser:31 - Response Code : 200
2018-02-27 11:58:45 INFO  EchoTask:22 - Amount of observers: 2
2018-02-27 11:58:45 INFO  EchoTask:27 - Tue Feb 27 11:58:45 CET 2018 running ...
2018-02-27 11:58:46 INFO  JsonParser:31 - Response Code : 200
2018-02-27 12:04:52 INFO  EchoTask:22 - Amount of observers: 2
2018-02-27 12:04:52 INFO  EchoTask:27 - Tue Feb 27 12:04:52 CET 2018 running ...
2018-02-27 12:04:52 INFO  JsonParser:37 - Response Code : 200
2018-02-27 12:06:38 INFO  EchoTask:22 - Amount of observers: 2
2018-02-27 12:06:38 INFO  EchoTask:27 - Tue Feb 27 12:06:38 CET 2018 running ...
2018-02-27 12:06:38 INFO  JsonParser:37 - Response Code : 200
2018-02-27 12:07:17 INFO  EchoTask:22 - Amount of observers: 2
2018-02-27 12:07:17 INFO  EchoTask:27 - Tue Feb 27 12:07:17 CET 2018 running ...
2018-02-27 12:07:18 INFO  JsonParser:37 - Response Code : 200
2018-02-27 12:08:29 INFO  EchoTask:22 - Amount of observers: 2
2018-02-27 12:08:29 INFO  EchoTask:27 - Tue Feb 27 12:08:29 CET 2018 running ...
2018-02-27 12:08:29 INFO  JsonParser:33 - Response Code : 200
2018-02-27 12:09:57 INFO  EchoTask:22 - Amount of observers: 2
2018-02-27 12:09:57 INFO  EchoTask:27 - Tue Feb 27 12:09:57 CET 2018 running ...
2018-02-27 12:09:57 INFO  JsonParser:33 - Response Code : 200
2018-02-27 12:11:05 INFO  EchoTask:22 - Amount of observers: 2
2018-02-27 12:11:05 INFO  EchoTask:27 - Tue Feb 27 12:11:05 CET 2018 running ...
2018-02-27 12:11:06 INFO  JsonParser:33 - Response Code : 200
2018-02-27 12:11:41 INFO  EchoTask:22 - Amount of observers: 2
2018-02-27 12:11:41 INFO  EchoTask:27 - Tue Feb 27 12:11:41 CET 2018 running ...
2018-02-27 12:11:42 INFO  JsonParser:33 - Response Code : 200
2018-02-27 12:16:09 INFO  EchoTask:22 - Amount of observers: 2
2018-02-27 12:16:09 INFO  EchoTask:27 - Tue Feb 27 12:16:09 CET 2018 running ...
2018-02-27 12:16:10 INFO  JsonParser:33 - Response Code : 200
2018-02-27 12:19:19 INFO  EchoTask:22 - Amount of observers: 2
2018-02-27 12:19:19 INFO  EchoTask:27 - Tue Feb 27 12:19:19 CET 2018 running ...
2018-02-27 12:19:20 INFO  JsonParser:33 - Response Code : 200
2018-02-27 12:19:41 INFO  EchoTask:22 - Amount of observers: 2
2018-02-27 12:19:41 INFO  EchoTask:27 - Tue Feb 27 12:19:41 CET 2018 running ...
2018-02-27 12:19:42 INFO  JsonParser:33 - Response Code : 200
2018-02-27 12:20:12 INFO  EchoTask:22 - Amount of observers: 2
2018-02-27 12:20:12 INFO  EchoTask:27 - Tue Feb 27 12:20:12 CET 2018 running ...
2018-02-27 12:20:13 INFO  JsonParser:33 - Response Code : 200
2018-02-27 12:20:13 INFO  ConsoleNotifier:12 - Result of last poll: [jobname: a jobStatus: SUCCESS jobTime: 2014-03-10T18:46:40 ]
2018-02-27 12:25:12 INFO  EchoTask:27 - Tue Feb 27 12:25:12 CET 2018 running ...
2018-02-27 12:25:12 INFO  JsonParser:33 - Response Code : 200
2018-02-27 12:25:12 INFO  ConsoleNotifier:12 - Result of last poll: [jobname: a jobStatus: SUCCESS jobTime: 2014-03-10T18:46:40 ]
2018-02-27 12:30:12 INFO  EchoTask:27 - Tue Feb 27 12:30:12 CET 2018 running ...
2018-02-27 12:30:27 ERROR JsonParser:47 - javax.net.ssl.SSLHandshakeException: Remote host closed connection during handshake
2018-02-27 12:30:27 ERROR AudioNotifier:34 - Job Status Error
2018-02-27 12:30:27 INFO  ConsoleNotifier:12 - Result of last poll: [jobname: ERROR jobStatus: ERROR jobTime: 2018-02-27T12:30:27.458 ]
2018-02-27 12:35:12 INFO  EchoTask:27 - Tue Feb 27 12:35:12 CET 2018 running ...
2018-02-27 12:35:12 INFO  JsonParser:33 - Response Code : 200
2018-02-27 12:35:12 INFO  ConsoleNotifier:12 - Result of last poll: [jobname: a jobStatus: SUCCESS jobTime: 2014-03-10T18:46:40 ]
2018-02-27 12:40:12 INFO  EchoTask:27 - Tue Feb 27 12:40:12 CET 2018 running ...
2018-02-27 12:40:12 INFO  JsonParser:33 - Response Code : 200
2018-02-27 12:40:12 INFO  ConsoleNotifier:12 - Result of last poll: [jobname: a jobStatus: SUCCESS jobTime: 2014-03-10T18:46:40 ]
2018-02-27 12:45:12 INFO  EchoTask:27 - Tue Feb 27 12:45:12 CET 2018 running ...
2018-02-27 12:45:12 INFO  JsonParser:33 - Response Code : 200
2018-02-27 12:45:12 INFO  ConsoleNotifier:12 - Result of last poll: [jobname: a jobStatus: SUCCESS jobTime: 2014-03-10T18:46:40 ]
2018-02-27 12:50:12 INFO  EchoTask:27 - Tue Feb 27 12:50:12 CET 2018 running ...
2018-02-27 12:50:12 INFO  JsonParser:33 - Response Code : 200
2018-02-27 12:50:12 INFO  ConsoleNotifier:12 - Result of last poll: [jobname: a jobStatus: SUCCESS jobTime: 2014-03-10T18:46:40 ]
2018-02-27 12:55:12 INFO  EchoTask:27 - Tue Feb 27 12:55:12 CET 2018 running ...
2018-02-27 12:55:12 INFO  JsonParser:33 - Response Code : 200
2018-02-27 12:55:12 INFO  ConsoleNotifier:12 - Result of last poll: [jobname: a jobStatus: SUCCESS jobTime: 2014-03-10T18:46:40 ]
2018-02-27 13:00:12 INFO  EchoTask:27 - Tue Feb 27 13:00:12 CET 2018 running ...
2018-02-27 13:00:12 INFO  JsonParser:33 - Response Code : 200
2018-02-27 13:00:12 INFO  ConsoleNotifier:12 - Result of last poll: [jobname: a jobStatus: SUCCESS jobTime: 2014-03-10T18:46:40 ]
